107 - - [30/Apr/1998:22:01:59 +0000] "GET /images/home_eng_button.gif HTTP/1.0" 200 1927
89 - - [30/Apr/1998:22:01:59 +0000] "GET /english/playing/images/anim/mascot_on.gif HTTP/1.0" 200 2870
89 - - [30/Apr/1998:22:01:59 +0000] "GET /english/playing/images/anim/trivia_off.gif HTTP/1.0" 200 213
32 - - [30/Apr/1998:22:01:59 +0000] "GET /english/images/news_btn_press_off.gif HTTP/1.1" 200 1740
44 - - [30/Apr/1998:22:01:59 +0000] "GET /images/102353.gif HTTP/1.1" 200 953
115 - - [30/Apr/1998:22:01:59 +0000] "GET /images/home_fr_button.gif HTTP/1.0" 200 2140
120 - - [30/Apr/1998:22:01:59 +0000] "GET /english/images/nav_history_off.gif HTTP/1.0" 200 914
120 - - [30/Apr/1998:22:01:59 +0000] "GET /english/images/nav_field_off.gif HTTP/1.0" 200 1005
89 - - [30/Apr/1998:22:01:59 +0000] "GET /english/playing/images/anim/trivia_on.gif HTTP/1.0" 200 1661
89 - - [30/Apr/1998:22:01:59 +0000] "GET /english/playing/images/play_hm_bg_opt1.jpg HTTP/1.0" 200 44502
92 - - [30/Apr/1998:22:01:59 +0000] "GET /french/playing/images/trivia/return.gif HTTP/1.0" 200 2014
0 - - [30/Apr/1998:22:01:59 +0000] "GET /images/s102329.gif HTTP/1.0" 200 159
81 - - [30/Apr/1998:22:01:59 +0000] "GET /english/images/news_hm_header.gif HTTP/1.0" 200 527
81 - - [30/Apr/1998:22:01:59 +0000] "GET /english/images/news_bu_letter_off.gif HTTP/1.0" 200 940
81 - - [30/Apr/1998:22:01:59 +0000] "GET /english/images/news_bu_press_off.gif HTTP/1.0" 200 847
44 - - [30/Apr/1998:22:01:59 +0000] "GET /images/32t49823.jpg HTTP/1.1" 200 4626
89 - - [30/Apr/1998:22:02:00 +0000] "GET /images/space.gif HTTP/1.0" 200 42
115 - - [30/Apr/1998:22:02:00 +0000] "GET /images/home_tool.gif HTTP/1.0" 200 327
81 - - [30/Apr/1998:22:02:00 +0000] "GET /english/images/news_bu_kits_off.gif HTTP/1.0" 200 1027
89 - - [30/Apr/1998:22:02:00 +0000] "GET /english/playing/images/play_hm_trivia.gif HTTP/1.0" 200 796
89 - - [30/Apr/1998:22:02:00 +0000] "GET /english/playing/images/play_hm_mascot.gif HTTP/1.0" 200 498
23 - - [30/Apr/1998:22:02:00 +0000] "GET /english/tickets/faq.html HTTP/1.0" 200 12233
120 - - [30/Apr/1998:22:02:00 +0000] "GET /images/hm_brdr.gif HTTP/1.0" 200 235
0 - - [30/Apr/1998:22:02:00 +0000] "GET /images/s102377.gif HTTP/1.0" 200 173
129 - - [30/Apr/1998:22:02:01 +0000] "GET /images/home_eng_phrase.gif HTTP/1.0" 304 -
129 - - [30/Apr/1998:22:02:01 +0000] "GET /images/home_bg_stars.gif HTTP/1.0" 304 -
129 - - [30/Apr/1998:22:02:01 +0000] "GET /images/home_fr_phrase.gif HTTP/1.0" 304 -
129 - - [30/Apr/1998:22:02:01 +0000] "GET /images/home_fr_button.gif HTTP/1.0" 304 -
129 - - [30/Apr/1998:22:02:01 +0000] "GET /images/home_eng_button.gif HTTP/1.0" 304 -
129 - - [30/Apr/1998:22:02:01 +0000] "GET /images/home_sponsor.gif HTTP/1.0" 304 -
89 - - [30/Apr/1998:22:02:01 +0000] "GET /english/playing/images/play_hm_links.gif HTTP/1.0" 200 1043
89 - - [30/Apr/1998:22:02:04 +0000] "GET /english/playing/images/play_hm_dowloads.gif HTTP/1.0" 200 488
42 - - [30/Apr/1998:22:02:04 +0000] "GET /english/images/top_stories.gif HTTP/1.0" 200 1210
23 - - [30/Apr/1998:22:02:04 +0000] "GET /english/tickets/images/ticket_bu_abroad2.gif HTTP/1.0" 200 1486
40 - - [30/Apr/1998:22:02:04 +0000] "GET /english/history/past_cups/images/past_bu_54_on.gif HTTP/1.1" 200 487
80 - - [30/Apr/1998:22:02:04 +0000] "GET /images/s102353.gif HTTP/1.0" 200 867
80 - - [30/Apr/1998:22:02:04 +0000] "GET /images/11104.gif HTTP/1.0" 200 508
89 - - [30/Apr/1998:22:02:04 +0000] "GET /english/playing/images/play_hm_header.gif HTTP/1.0" 200 2476
101 - - [30/Apr/1998:22:02:04 +0000] "GET /english/history/history_of/football.html HTTP/1.0" 200 7715
120 - - [30/Apr/1998:22:02:04 +0000] "GET /images/hm_linkf.gif HTTP/1.0" 200 123
120 - - [30/Apr/1998:22:02:04 +0000] "GET /images/hm_arw.gif HTTP/1.0" 200 1050
130 - - [30/Apr/1998:22:02:04 +0000] "GET /english/index.html HTTP/1.0" 200 892
131 - - [30/Apr/1998:22:02:04 +0000] "GET /images/hm_day_e.gif HTTP/1.0" 200 499
83 - - [30/Apr/1998:22:02:04 +0000] "GET /images/hm_arw.gif HTTP/1.0" 200 1050
23 - - [30/Apr/1998:22:02:04 +0000] "GET /english/tickets/images/ticket_bu_quest2_on.gif HTTP/1.0" 200 1181
71 - - [30/Apr/1998:22:02:04 +0000] "GET /english/teams/teambio154.htm HTTP/1.0" 200 11227
42 - - [30/Apr/1998:22:02:04 +0000] "GET /images/ligne1_case5.gif HTTP/1.0" 200 1018
21 - - [30/Apr/1998:22:02:04 +0000] "GET /english/tickets/tck_global.html HTTP/1.1" 200 10769
132 - - [30/Apr/1998:22:02:05 +0000] "GET /english/splash_inet.html HTTP/1.0" 304 -
23 - - [30/Apr/1998:22:02:05 +0000] "GET /english/tickets/images/ticket_dot.gif HTTP/1.0" 200 354
23 - - [30/Apr/1998:22:02:05 +0000] "GET /images/11116.gif HTTP/1.0" 200 667
64 - - [30/Apr/1998:22:02:05 +0000] "GET /images/hm_brdr.gif HTTP/1.0" 200 235
120 - - [30/Apr/1998:22:02:05 +0000] "GET /english/images/nav_logo_sponsors.gif HTTP/1.0" 200 1991
133 - - [30/Apr/1998:22:02:05 +0000] "GET /images/11104.gif HTTP/1.0" 200 508
119 - - [30/Apr/1998:22:02:05 +0000] "GET /images/s102382.gif HTTP/1.0" 200 102
131 - - [30/Apr/1998:22:02:05 +0000] "GET /images/hm_brdl.gif HTTP/1.0" 200 208
0 - - [30/Apr/1998:22:02:05 +0000] "GET /images/11104.gif HTTP/1.0" 200 508
122 - - [30/Apr/1998:22:02:05 +0000] "GET /english/nav_top_inet.html HTTP/1.0" 200 374
0 - - [30/Apr/1998:22:02:05 +0000] "GET /english/individuals/player34092.htm HTTP/1.0" 200 6483
0 - - [30/Apr/1998:22:02:05 +0000] "GET /images/arw_lk.gif HTTP/1.0" 200 669
113 - - [30/Apr/1998:22:02:06 +0000] "GET /english/nav_top_inet.html HTTP/1.0" 200 374
133 - - [30/Apr/1998:22:02:06 +0000] "GET /images/11103.gif HTTP/1.0" 200 513
44 - - [30/Apr/1998:22:02:06 +0000] "GET /images/10528.jpg HTTP/1.1" 200 11666
115 - - [30/Apr/1998:22:02:06 +0000] "GET /images/home_intro.anim.gif HTTP/1.0" 200 60349
31 - - [30/Apr/1998:22:02:06 +0000] "GET /images/11103.gif HTTP/1.1" 200 513
